<?xml version="1.0" encoding="UTF-8"?>
<!-- Generated by org.testng.reporters.JUnitXMLReporter -->
<testsuite ignored="0" hostname="DESKTOP-K6C3JQO" failures="0" tests="2" name="TC_003_AddRemoveCart" time="90.092" errors="0" timestamp="2023-09-19T16:30:03 IST">
  <testcase classname="com.framework.testscripts.TC_003_AddRemoveCart" name="addRemove" time="19.271"/>
  <testcase classname="com.framework.testscripts.TC_003_AddRemoveCart" name="addRemove" time="11.253"/>
</testsuite> <!-- TC_003_AddRemoveCart -->
