<?xml version="1.0" encoding="UTF-8"?>
<!-- Generated by org.testng.reporters.JUnitXMLReporter -->
<testsuite ignored="0" hostname="DESKTOP-K6C3JQO" failures="0" tests="2" name="TC_001_AddRemoveCart" time="47.631" errors="0" timestamp="2023-09-18T10:22:28 IST">
  <testcase classname="com.framework.testscripts.TC_001_AddRemoveCart" name="addRemove" time="9.398"/>
  <testcase classname="com.framework.testscripts.TC_001_AddRemoveCart" name="addRemove" time="9.617"/>
</testsuite> <!-- TC_001_AddRemoveCart -->
