<?xml version="1.0" encoding="UTF-8"?>
<testng-results ignored="0" total="2" passed="2" failed="0" skipped="0">
  <reporter-output>
  </reporter-output>
  <suite started-at="2023-09-19T16:28:33 IST" name="Gmail" finished-at="2023-09-19T16:30:03 IST" duration-ms="90092">
    <groups>
    </groups>
    <test started-at="2023-09-19T16:28:33 IST" name="TC_003_AddRemoveCart" finished-at="2023-09-19T16:30:03 IST" duration-ms="90092">
      <class name="com.framework.testscripts.TC_003_AddRemoveCart">
        <test-method is-config="true" signature="openBrowser(java.lang.String)[pri:0, instance:com.framework.testscripts.TC_003_AddRemoveCart@2dfaea86]" started-at="2023-09-19T16:28:33 IST" name="openBrowser" finished-at="2023-09-19T16:29:20 IST" duration-ms="46270" status="PASS">
          <params>
            <param index="0">
              <value>
                <![CDATA[CHROME]]>
              </value>
            </param>
          </params>
          <reporter-output>
          </reporter-output>
        </test-method> <!-- openBrowser -->
        <test-method signature="addRemove(java.lang.String,java.lang.String)[pri:0, instance:com.framework.testscripts.TC_003_AddRemoveCart@2dfaea86]" started-at="2023-09-19T16:29:29 IST" name="addRemove" data-provider="getTestData" finished-at="2023-09-19T16:29:48 IST" duration-ms="19271" status="PASS">
          <params>
            <param index="0">
              <value>
                <![CDATA[standard_user]]>
              </value>
            </param>
            <param index="1">
              <value>
                <![CDATA[secret_sauce]]>
              </value>
            </param>
          </params>
          <reporter-output>
          </reporter-output>
        </test-method> <!-- addRemove -->
        <test-method signature="addRemove(java.lang.String,java.lang.String)[pri:0, instance:com.framework.testscripts.TC_003_AddRemoveCart@2dfaea86]" started-at="2023-09-19T16:29:48 IST" name="addRemove" data-provider="getTestData" finished-at="2023-09-19T16:29:59 IST" duration-ms="11253" status="PASS">
          <params>
            <param index="0">
              <value>
                <![CDATA[standard_user]]>
              </value>
            </param>
            <param index="1">
              <value>
                <![CDATA[secret_sauce]]>
              </value>
            </param>
          </params>
          <reporter-output>
          </reporter-output>
        </test-method> <!-- addRemove -->
        <test-method is-config="true" signature="closeBrowser()[pri:0, instance:com.framework.testscripts.TC_003_AddRemoveCart@2dfaea86]" started-at="2023-09-19T16:29:59 IST" name="closeBrowser" finished-at="2023-09-19T16:30:03 IST" duration-ms="3958" status="PASS">
          <reporter-output>
          </reporter-output>
        </test-method> <!-- closeBrowser -->
      </class> <!-- com.framework.testscripts.TC_003_AddRemoveCart -->
    </test> <!-- TC_003_AddRemoveCart -->
  </suite> <!-- Gmail -->
</testng-results>
