<?xml version="1.0" encoding="UTF-8"?>
<!-- Generated by org.testng.reporters.JUnitReportReporter -->
<testsuite hostname="DESKTOP-K6C3JQO" failures="0" tests="2" name="com.testng.TC_003_ParametersAddToCart" time="28.883" errors="0" timestamp="2023-09-15T17:24:31 IST" skipped="0">
  <testcase classname="com.testng.TC_003_ParametersAddToCart" name="addToCart" time="13.649"/>
  <testcase classname="com.testng.TC_003_ParametersAddToCart" name="addToCart" time="15.234"/>
</testsuite> <!-- com.testng.TC_003_ParametersAddToCart -->
