<?xml version="1.0" encoding="UTF-8"?>
<!-- Generated by org.testng.reporters.JUnitReportReporter -->
<testsuite hostname="DESKTOP-K6C3JQO" failures="0" tests="3" name="com.cucumber.TestRunner" time="107.419" errors="0" timestamp="2023-09-18T09:12:06 IST" skipped="0">
  <testcase classname="com.cucumber.TestRunner" name="runScenario" time="21.327"/>
  <testcase classname="com.cucumber.TestRunner" name="runScenario" time="57.348"/>
  <testcase classname="com.cucumber.TestRunner" name="runScenario" time="28.744"/>
</testsuite> <!-- com.cucumber.TestRunner -->
