<?xml version="1.0" encoding="UTF-8"?>
<!-- Generated by org.testng.reporters.JUnitReportReporter -->
<testsuite hostname="DESKTOP-K6C3JQO" failures="0" tests="2" name="com.testng.TC_002_AddToCartRemove" time="17.221" errors="0" timestamp="2023-09-15T13:15:55 IST" skipped="0">
  <testcase classname="com.testng.TC_002_AddToCartRemove" name="addToCart" time="7.210"/>
  <testcase classname="com.testng.TC_002_AddToCartRemove" name="removeFromCart" time="10.011"/>
</testsuite> <!-- com.testng.TC_002_AddToCartRemove -->
