<?xml version="1.0" encoding="UTF-8"?>
<!-- Generated by org.testng.reporters.JUnitReportReporter -->
<testsuite hostname="DESKTOP-K6C3JQO" failures="0" tests="2" name="com.framework.testscripts.TC_001_AddRemoveCart" time="19.015" errors="0" timestamp="2023-09-18T10:22:29 IST" skipped="0">
  <testcase classname="com.framework.testscripts.TC_001_AddRemoveCart" name="addRemove" time="9.398"/>
  <testcase classname="com.framework.testscripts.TC_001_AddRemoveCart" name="addRemove" time="9.617"/>
</testsuite> <!-- com.framework.testscripts.TC_001_AddRemoveCart -->
